[lakathybill.wixsite.com/kathybill.html]
[static.parastorage.com/unpkg/core-js-bundle@3.2.1/minified.js]
[static.parastorage.com/unpkg/focus-within-polyfill@5.0.9/dist/focus-within-polyfill.js]
[backblue.gif]
[fade.gif]
[index.html]
[polyfill.io/v3/polyfill.mind82c.js]
[lakathybill.wixsite.com/47b73115.min.css]
[lakathybill.wixsite.com/1a3ca2ee.min.css]
[lakathybill.wixsite.com/16e44c05.min.css]
[lakathybill.wixsite.com/6ac53ab7.min.css]
[lakathybill.wixsite.com/02595569.min.css]
[lakathybill.wixsite.com/e5861f41.min.css]
[lakathybill.wixsite.com/c53e42d7.min.css]
[lakathybill.wixsite.com/da6c52cb.min.css]
[lakathybill.wixsite.com/3d2759f7.min.css]
[lakathybill.wixsite.com/960c3a88.min.css]
[lakathybill.wixsite.com/390543ac.min.css]
[lakathybill.wixsite.com/ad7057f7.min.css]
[lakathybill.wixsite.com/7d94280d.min.css]
[lakathybill.wixsite.com/f36661fb.min.css]
[lakathybill.wixsite.com/aa613bd1.min.css]
[lakathybill.wixsite.com/22ef40bf.min.css]
[lakathybill.wixsite.com/6daaad8b.min.css]
[lakathybill.wixsite.com/bf91693c.min.css]
[lakathybill.wixsite.com/b4ae8803.min.css]
[lakathybill.wixsite.com/62ccedec.min.css]
[lakathybill.wixsite.com/ae08c227.min.css]
[lakathybill.wixsite.com/11f27093.min.css]
[lakathybill.wixsite.com/9b155e90.min.css]
[lakathybill.wixsite.com/4ec2545d.min.css]
[lakathybill.wixsite.com/1bbe301d.min.css]
[lakathybill.wixsite.com/e78a13b3.min.css]
[lakathybill.wixsite.com/b604fd33.min.css]
[lakathybill.wixsite.com/48c6d58d.min.css]
[lakathybill.wixsite.com/439c90c8.min.css]
[lakathybill.wixsite.com/cd69f57c.min.css]
[lakathybill.wixsite.com/bc223d50.min.css]
[lakathybill.wixsite.com/bc2466c0.min.css]
[lakathybill.wixsite.com/5d7b6bbf.min.css]
[lakathybill.wixsite.com/3fdab364.min.css]
[lakathybill.wixsite.com/20d93486.min.css]
[lakathybill.wixsite.com/9692b4a8.min.css]
[lakathybill.wixsite.com/914012ea.min.css]
[lakathybill.wixsite.com/ffa0eb8f.min.css]
[lakathybill.wixsite.com/fe8be6d6.min.css]
[lakathybill.wixsite.com/a28cca36.min.css]
[lakathybill.wixsite.com/02b07b80.min.css]
[lakathybill.wixsite.com/265e9a4a.min.css]
[lakathybill.wixsite.com/ff342417.min.css]
[lakathybill.wixsite.com/2a1582d7.min.css]
[lakathybill.wixsite.com/eb321d93.min.css]
[lakathybill.wixsite.com/06cfef68.min.css]
[lakathybill.wixsite.com/49a18e23.min.css]
[lakathybill.wixsite.com/2467b183.min.css]
[lakathybill.wixsite.com/f9fd7cbe.min.css]
[lakathybill.wixsite.com/e142d0f4.min.css]
[lakathybill.wixsite.com/96a73741.min.css]
[lakathybill.wixsite.com/4c758e80.min.css]
[lakathybill.wixsite.com/44b62fdc.min.css]
[lakathybill.wixsite.com/7f8c7c3e.min.css]
[lakathybill.wixsite.com/fbbc0ea4.min.css]
[lakathybill.wixsite.com/5d29307d.min.css]
[lakathybill.wixsite.com/85af43ab.min.css]
[lakathybill.wixsite.com/7010eb60.min.css]
[lakathybill.wixsite.com/63767dfb.min.css]
[lakathybill.wixsite.com/6ea7cb26.min.css]
[lakathybill.wixsite.com/5af11dd2.min.css]
[lakathybill.wixsite.com/2a453020.min.css]
[lakathybill.wixsite.com/f4335005.min.css]
[lakathybill.wixsite.com/566bec70.min.css]
[lakathybill.wixsite.com/fc40122e.min.css]
[lakathybill.wixsite.com/45242c23.min.css]
[lakathybill.wixsite.com/0efca64c.min.css]
[lakathybill.wixsite.com/42ccdc69.min.css]
[lakathybill.wixsite.com/4ea3b970.min.css]
[lakathybill.wixsite.com/0ee85551.min.css]
[lakathybill.wixsite.com/085f85ee.min.css]
[lakathybill.wixsite.com/fc21aae5.min.css]
[lakathybill.wixsite.com/641eb53d.min.css]
[lakathybill.wixsite.com/cabcae51.min.css]
[lakathybill.wixsite.com/b66c178d.min.css]
[lakathybill.wixsite.com/c7fdedca.min.css]
[lakathybill.wixsite.com/ce9dcea4.min.css]
[lakathybill.wixsite.com/bc497b45.min.css]
[lakathybill.wixsite.com/2acb415c.min.css]
[lakathybill.wixsite.com/7d6cd51b.min.css]
[lakathybill.wixsite.com/16e57088.min.css]
[lakathybill.wixsite.com/0a1c073a.min.css]
[lakathybill.wixsite.com/1ac8fc0f.min.css]
[lakathybill.wixsite.com/e5d84163.min.css]
[lakathybill.wixsite.com/d5f023bb.min.css]
[lakathybill.wixsite.com/d820de38.min.css]
[lakathybill.wixsite.com/012dc85e.min.css]
[lakathybill.wixsite.com/9d29a199.min.css]
[lakathybill.wixsite.com/381ee71b.min.css]
[lakathybill.wixsite.com/bf413556.min.css]
[lakathybill.wixsite.com/316080a6.min.css]
[lakathybill.wixsite.com/51a9742f.min.css]
[lakathybill.wixsite.com/bf732f1f.min.css]
[lakathybill.wixsite.com/99f4b3eb.min.css]
[lakathybill.wixsite.com/a545d558.min.css]
[lakathybill.wixsite.com/176e7b44.min.css]
[lakathybill.wixsite.com/5346ce3f.min.css]
[lakathybill.wixsite.com/f658a9c4.min.css]
[lakathybill.wixsite.com/33aee7c8.min.css]
[lakathybill.wixsite.com/e3a3f4c5.min.67.delayed]
[lakathybill.wixsite.com/69bf75cd.min.css]
[lakathybill.wixsite.com/ffcbad4e.min.css]
[lakathybill.wixsite.com/38076880.min.css]
[lakathybill.wixsite.com/e7f37adf.min.css]
[lakathybill.wixsite.com/6cf72bb0.min.css]
[lakathybill.wixsite.com/6b319425.min.css]
[lakathybill.wixsite.com/fd963395.min.css]
[lakathybill.wixsite.com/23fa9840.min.css]
[lakathybill.wixsite.com/d11ebffe.min.css]
[lakathybill.wixsite.com/91ffcb26.min.css]
[lakathybill.wixsite.com/72671acb.min.css]
[lakathybill.wixsite.com/40e5d5cf.min.css]
[lakathybill.wixsite.com/7c602eb2.min.css]
[lakathybill.wixsite.com/6b4c7217.min.css]
[lakathybill.wixsite.com/5b26625f.min.css]
[lakathybill.wixsite.com/2e327647.min.css]
[lakathybill.wixsite.com/4a6a7fc9.min.css]
[lakathybill.wixsite.com/f52e40aa.min.css]
[lakathybill.wixsite.com/f7b42816.min.css]
[lakathybill.wixsite.com/fbce49db.min.css]
[lakathybill.wixsite.com/a3e88b58.min.css]
[lakathybill.wixsite.com/ea8a0593.min.css]
[lakathybill.wixsite.com/b8760986.min.css]
[lakathybill.wixsite.com/37bd0eeb.min.css]
[lakathybill.wixsite.com/8d04f72e.min.css]
[lakathybill.wixsite.com/84c587cd.min.css]
[lakathybill.wixsite.com/ba7d2620.min.css]
[lakathybill.wixsite.com/41f1fa78.min.css]
[lakathybill.wixsite.com/3e581339.min.css]
[lakathybill.wixsite.com/a2f0f523.min.css]
[lakathybill.wixsite.com/86aca973.min.css]
[lakathybill.wixsite.com/06837cc2.min.css]
[lakathybill.wixsite.com/8005d5c1.min.css]
[lakathybill.wixsite.com/0e20a470.min.css]
[lakathybill.wixsite.com/c9b5bd15.min.css]
[lakathybill.wixsite.com/8c688a9d.min.css]
[lakathybill.wixsite.com/6b1e299b.min.css]
[lakathybill.wixsite.com/11d68990.min.css]
[lakathybill.wixsite.com/3f166307.min.css]
[lakathybill.wixsite.com/1355ec40.min.css]
[lakathybill.wixsite.com/48220e7a.min.css]
[lakathybill.wixsite.com/eca71e40.min.css]
[lakathybill.wixsite.com/024f5250.min.css]
[lakathybill.wixsite.com/54e8ad37.min.css]
[lakathybill.wixsite.com/c79634ce.min.css]
[lakathybill.wixsite.com/036d1c2c.min.css]
[lakathybill.wixsite.com/04c30725.min.css]
[lakathybill.wixsite.com/685dda1c.min.css]
[lakathybill.wixsite.com/ad3a6151.min.css]
[lakathybill.wixsite.com/b43bc41a.min.css]
[lakathybill.wixsite.com/aff3efe3.min.css]
[lakathybill.wixsite.com/755d6e92.min.css]
[lakathybill.wixsite.com/44306cc3.min.css]
[lakathybill.wixsite.com/f08a1c03.min.css]
[lakathybill.wixsite.com/6818c64c.min.css]
[lakathybill.wixsite.com/4fa4a352.min.css]
[lakathybill.wixsite.com/97d7cd97.min.css]
[lakathybill.wixsite.com/a1e76019.min.css]
[lakathybill.wixsite.com/b4bc6361.min.css]
[lakathybill.wixsite.com/9eed3e82.min.css]
[lakathybill.wixsite.com/ce776e38.min.css]
[lakathybill.wixsite.com/4a43b954.min.css]
[lakathybill.wixsite.com/799d016a.min.css]
[lakathybill.wixsite.com/c434348a.min.css]
[lakathybill.wixsite.com/4038e1e2.min.css]
[lakathybill.wixsite.com/c24f5e69.min.css]
[lakathybill.wixsite.com/8ab00128.min.css]
[lakathybill.wixsite.com/45eee88d.min.css]
[lakathybill.wixsite.com/7df86004.min.css]
[lakathybill.wixsite.com/145b5660.min.css]
[lakathybill.wixsite.com/3e624017.min.css]
[lakathybill.wixsite.com/eb810a4a.min.css]
[lakathybill.wixsite.com/81ed76c3.min.css]
[lakathybill.wixsite.com/6877123d.min.css]
[lakathybill.wixsite.com/d1f9c7e6.min.css]
[lakathybill.wixsite.com/34377b4a.min.css]
[lakathybill.wixsite.com/f0b4809d.min.css]
[lakathybill.wixsite.com/b0da3a19.min.css]
[lakathybill.wixsite.com/70e8afa8.min.css]
[lakathybill.wixsite.com/9c39b1d1.min.css]
[lakathybill.wixsite.com/59f9faa0.min.css]
[lakathybill.wixsite.com/b92ba9ff.min.css]
[lakathybill.wixsite.com/8665adc0.min.css]
[lakathybill.wixsite.com/96afd53f.min.css]
[lakathybill.wixsite.com/91e61dab.min.css]
[lakathybill.wixsite.com/41f245d4.min.css]
[lakathybill.wixsite.com/bb16d569.min.css]
[lakathybill.wixsite.com/e24e08e7.min.css]
[lakathybill.wixsite.com/9e775b26.min.css]
[lakathybill.wixsite.com/515d5f12.min.css]
[lakathybill.wixsite.com/13eb5276.min.css]
[lakathybill.wixsite.com/d474bb46.min.css]
[lakathybill.wixsite.com/2978359e.min.css]
[lakathybill.wixsite.com/4b1f6567.min.css]
[lakathybill.wixsite.com/4e6fba8d.min.css]
[lakathybill.wixsite.com/883064bf.min.css]
[lakathybill.wixsite.com/55fd4990.min.css]
[lakathybill.wixsite.com/882dfccd.min.css]
[lakathybill.wixsite.com/70efe3c5.min.css]
[lakathybill.wixsite.com/6d011635.min.cb.delayed]
[lakathybill.wixsite.com/af38aead.min.css]
[lakathybill.wixsite.com/39cfb47d.min.css]
[lakathybill.wixsite.com/1a1f2ab9.min.css]
[lakathybill.wixsite.com/5ed4e092.min.css]
[lakathybill.wixsite.com/75512b1a.min.css]
[lakathybill.wixsite.com/2a38244f.min.css]
[lakathybill.wixsite.com/837e8139.min.css]
[lakathybill.wixsite.com/f8ec65c6.min.css]
[lakathybill.wixsite.com/913e0517.min.css]
[lakathybill.wixsite.com/2ce475e3.min.css]
[lakathybill.wixsite.com/96f4b814.min.css]
[lakathybill.wixsite.com/efcd8729.min.css]
[lakathybill.wixsite.com/0ebb4539.min.css]
[lakathybill.wixsite.com/c9371416.min.css]
[lakathybill.wixsite.com/84fca3f0.min.css]
[lakathybill.wixsite.com/44b60e9d.min.css]
[lakathybill.wixsite.com/48e483a5.min.css]
[lakathybill.wixsite.com/100a01ba.min.css]
[lakathybill.wixsite.com/dba31346.min.css]
[lakathybill.wixsite.com/5a61fee8.min.css]
[lakathybill.wixsite.com/6010b816.min.css]
[lakathybill.wixsite.com/99e9084d.min.css]
[lakathybill.wixsite.com/39cdb6e7.min.css]
[lakathybill.wixsite.com/98f5e34d.min.css]
[lakathybill.wixsite.com/4bd62377.min.css]
[lakathybill.wixsite.com/f6b4449f.min.css]
[lakathybill.wixsite.com/692d3cfd.min.css]
[lakathybill.wixsite.com/dda10bbb.min.css]
[lakathybill.wixsite.com/826aa068.min.css]
[lakathybill.wixsite.com/71561e01.min.css]
[lakathybill.wixsite.com/2aa93db9.min.css]
[lakathybill.wixsite.com/3acc863e.min.css]
[lakathybill.wixsite.com/3fc3aa14.min.css]
[lakathybill.wixsite.com/eed9660c.min.css]
[lakathybill.wixsite.com/e98ddd9c.min.css]
[lakathybill.wixsite.com/9f54505f.min.css]
[lakathybill.wixsite.com/82a3c6bd.min.css]
[lakathybill.wixsite.com/959e5e9e.min.css]
[lakathybill.wixsite.com/c6933345.min.css]
[lakathybill.wixsite.com/7ac66a81.min.css]
[lakathybill.wixsite.com/7f6e9aff.min.css]
[lakathybill.wixsite.com/7197ceeb.min.css]
[lakathybill.wixsite.com/4d761874.min.css]
[lakathybill.wixsite.com/57ee110f.min.css]
[lakathybill.wixsite.com/723e4fed.min.css]
[lakathybill.wixsite.com/7d0d5475.min.css]
[lakathybill.wixsite.com/d9e9ecf4.min.css]
[lakathybill.wixsite.com/4d71157d.min.css]
[lakathybill.wixsite.com/30611ad6.min.css]
[lakathybill.wixsite.com/3107aee2.min.css]
[lakathybill.wixsite.com/add763df.min.css]
[lakathybill.wixsite.com/20a005d9.min.css]
[lakathybill.wixsite.com/f12c724d.min.css]
[lakathybill.wixsite.com/b4927ff5.min.css]
[lakathybill.wixsite.com/339d9589.min.css]
[lakathybill.wixsite.com/bae96bce.min.css]
[lakathybill.wixsite.com/d88788f8.min.css]
[lakathybill.wixsite.com/623c42ff.min.css]
[lakathybill.wixsite.com/fdb4b4e1.min.css]
[lakathybill.wixsite.com/d9261128.min.css]
[lakathybill.wixsite.com/acc636be.min.css]
[lakathybill.wixsite.com/0dbd2410.min.css]
[lakathybill.wixsite.com/04e1c0d8.min.css]
[lakathybill.wixsite.com/015a530e.min.css]
[lakathybill.wixsite.com/63cc8be0.min.css]
[lakathybill.wixsite.com/731d5bce.min.css]
[lakathybill.wixsite.com/c61ac2b6.min.css]
[lakathybill.wixsite.com/c9d89f77.min.css]
[lakathybill.wixsite.com/77753e29.min.css]
[lakathybill.wixsite.com/2a3ba4df.min.css]
[lakathybill.wixsite.com/1150efce.min.css]
[lakathybill.wixsite.com/dbfd66d7.min.css]
[lakathybill.wixsite.com/e1813de1.min.css]
[lakathybill.wixsite.com/34b72cf9.min.css]
[lakathybill.wixsite.com/5d684912.min.css]
[lakathybill.wixsite.com/07d43a5b.min.css]
[lakathybill.wixsite.com/74e60b57.min.css]
[lakathybill.wixsite.com/71b202df.min.css]
[lakathybill.wixsite.com/1e24bd4a.min.css]
[lakathybill.wixsite.com/d078781b.min.css]
[lakathybill.wixsite.com/9a8b46cf.min.css]
[lakathybill.wixsite.com/f4071404.min.css]
[lakathybill.wixsite.com/a4efbb1a.min.css]
[lakathybill.wixsite.com/b69a6dca.min.css]
[lakathybill.wixsite.com/a8cea7d1.min.css]
[lakathybill.wixsite.com/9b7ffe32.min.css]
[lakathybill.wixsite.com/0e2bff6a.min.css]
[lakathybill.wixsite.com/8a3174ea.min.css]
[lakathybill.wixsite.com/56b396e1.min.css]
[lakathybill.wixsite.com/e31c9edb.min.css]
[lakathybill.wixsite.com/270ecc94.min.css]
[lakathybill.wixsite.com/aae8f9e8.min.css]
[lakathybill.wixsite.com/148a549f.min.css]
[lakathybill.wixsite.com/243dde79.min.css]
[lakathybill.wixsite.com/4b77444e.min.css]
[lakathybill.wixsite.com/debda15f.min.css]
[lakathybill.wixsite.com/c8e351db.min.css]
[lakathybill.wixsite.com/25adc72e.min.css]
[lakathybill.wixsite.com/ad3c03fe.min.css]
[lakathybill.wixsite.com/696515ba.min.12f.delayed]
[lakathybill.wixsite.com/4a489c1e.chunk.min.js]
[lakathybill.wixsite.com/3a985912.chunk.min.js]
[lakathybill.wixsite.com/5270a42e.chunk.min.js]
[lakathybill.wixsite.com/261ff150.chunk.min.js]
[lakathybill.wixsite.com/rb_wixui.thunderbolt_bootstrap.7383a200.chunk.min.js]
[lakathybill.wixsite.com/rb_wixui.thunderbolt_bootstrap-classic.89bdd4d4.chunk.min.css]
[lakathybill.wixsite.com/rb_wixui.thunderbolt_bootstrap-classic.3a985912.chunk.min.js]
[lakathybill.wixsite.com/rb_wixui.thunderbolt_bootstrap-responsive.a66c1914.chunk.min.css]
[lakathybill.wixsite.com/rb_wixui.thunderbolt_bootstrap-responsive.5270a42e.chunk.min.js]
[lakathybill.wixsite.com/rb_wixui.thunderbolt_common-site-members-dialogs.6a59e2ad.chunk.min.css]
[lakathybill.wixsite.com/rb_wixui.thunderbolt_common-site-members-dialogs.261ff150.chunk.min.js]
[lakathybill.wixsite.com/rb_wixui.corvid_core.18d75b7f.chunk.min.js]
[lakathybill.wixsite.com/rb_wixui.thunderbolt_mobile.eea54e4b.chunk.min.css]
[lakathybill.wixsite.com/decodeURIComponent(e]
[browser.sentry-cdn.com/6.13.3/bundle.min.js]
[lakathybill.wixsite.com/sitemap.xml]
[lakathybill.wixsite.com/feed.xml]
[static.parastorage.com/services/wix-thunderbolt/dist/bootstrap-features.b86bbcb1.bundle.min.js]
[static.parastorage.com/services/wix-thunderbolt/dist/main.11a9632a.bundle.min.js]
[static.parastorage.com/unpkg/lodash@4.17.21/lodash.min.js]
[static.parastorage.com/unpkg/react@16.13.1/umd/react.production.min.js]
[static.parastorage.com/services/tag-manager-client/1.427.0/siteTags.bundle.min.js]
[static.parastorage.com/services/wix-perf-measure/1.641.0/wix-perf-measure.bundle.min.js]
[static.parastorage.com/unpkg/react-dom@16.13.1/umd/react-dom.production.min.js]
[lakathybill.wixsite.com/index.html]
[lakathybill.wixsite.com/version/index.html]
[lakathybill.wixsite.com/kathybill/the-other-place.html]
[lakathybill.wixsite.com/kathybill/the-flow-1.html]
[lakathybill.wixsite.com/kathybill/my-escape.html]
[lakathybill.wixsite.com/kathybill/i-never-existed.html]
[lakathybill.wixsite.com/kathybill/my-daily-bread.html]
[lakathybill.wixsite.com/kathybill/a-breath-away.html]
[lakathybill.wixsite.com/kathybill/till-the-sun-sets.html]
[lakathybill.wixsite.com/kathybill/en-quarantaine.html]
[lakathybill.wixsite.com/kathybill/video-performance.html]
[lakathybill.wixsite.com/kathybill/installation-2.html]
[lakathybill.wixsite.com/kathybill/about.html]
[static.wixstatic.com/media/8c1a5b_57929ebfb99044658d0503b319c5090f.jpg/v1/fill/w_214,h_121,al_c,q_80,usm_0.66_1.00_0.01,blur_2,enc_auto/8c1a5b_57929ebfb99044658d0503b319c5090f.jpg]
[static.wixstatic.com/media/0eeaf61a5e42acda44ec465ebcb67d09.png/v1/fill/w_30,h_30,al_c,usm_0.66_1.00_0.01,blur_3,enc_auto/0eeaf61a5e42acda44ec465ebcb67d09.png]
[static.wixstatic.com/media/7e74014500cdda8b7c70fef353c319d2.png/v1/fill/w_30,h_30,al_c,usm_0.66_1.00_0.01,blur_3,enc_auto/7e74014500cdda8b7c70fef353c319d2.png]
[lakathybill.wixsite.com/kathybill/sculpture.html]
[static.wixstatic.com/media/10d47f60fc07b2f73e3df9ed47e5d4b0.png/v1/fill/w_30,h_30,al_c,usm_0.66_1.00_0.01,blur_3,enc_auto/10d47f60fc07b2f73e3df9ed47e5d4b0.png]
[lakathybill.wixsite.com/kathybill.html]
[lakathybill.wixsite.com/47b73115.min.html]
[lakathybill.wixsite.com/1a3ca2ee.min.html]
[lakathybill.wixsite.com/16e44c05.min.html]
[lakathybill.wixsite.com/6ac53ab7.min.html]
[lakathybill.wixsite.com/02595569.min.html]
[lakathybill.wixsite.com/e5861f41.min.html]
[lakathybill.wixsite.com/c53e42d7.min.html]
[lakathybill.wixsite.com/da6c52cb.min.html]
[lakathybill.wixsite.com/3d2759f7.min.html]
[lakathybill.wixsite.com/960c3a88.min.html]
[lakathybill.wixsite.com/390543ac.min.html]
[lakathybill.wixsite.com/ad7057f7.min.html]
[lakathybill.wixsite.com/7d94280d.min.html]
[lakathybill.wixsite.com/f36661fb.min.html]
[lakathybill.wixsite.com/aa613bd1.min.html]
[lakathybill.wixsite.com/22ef40bf.min.html]
[lakathybill.wixsite.com/6daaad8b.min.html]
[lakathybill.wixsite.com/bf91693c.min.html]
[lakathybill.wixsite.com/b4ae8803.min.html]
[lakathybill.wixsite.com/62ccedec.min.html]
[lakathybill.wixsite.com/ae08c227.min.html]
[lakathybill.wixsite.com/11f27093.min.html]
[lakathybill.wixsite.com/9b155e90.min.html]
[lakathybill.wixsite.com/4ec2545d.min.html]
[lakathybill.wixsite.com/1bbe301d.min.html]
[lakathybill.wixsite.com/e78a13b3.min.html]
[lakathybill.wixsite.com/b604fd33.min.html]
[lakathybill.wixsite.com/48c6d58d.min.html]
[lakathybill.wixsite.com/439c90c8.min.html]
[lakathybill.wixsite.com/cd69f57c.min.html]
[lakathybill.wixsite.com/bc223d50.min.html]
[lakathybill.wixsite.com/bc2466c0.min.html]
[lakathybill.wixsite.com/5d7b6bbf.min.html]
[lakathybill.wixsite.com/3fdab364.min.html]
[lakathybill.wixsite.com/20d93486.min.html]
[lakathybill.wixsite.com/9692b4a8.min.html]
[lakathybill.wixsite.com/914012ea.min.html]
[lakathybill.wixsite.com/ffa0eb8f.min.html]
[lakathybill.wixsite.com/fe8be6d6.min.html]
[lakathybill.wixsite.com/a28cca36.min.html]
[lakathybill.wixsite.com/02b07b80.min.html]
[lakathybill.wixsite.com/265e9a4a.min.html]
[lakathybill.wixsite.com/ff342417.min.html]
[lakathybill.wixsite.com/2a1582d7.min.html]
[lakathybill.wixsite.com/eb321d93.min.html]
[lakathybill.wixsite.com/06cfef68.min.html]
[lakathybill.wixsite.com/49a18e23.min.html]
[lakathybill.wixsite.com/2467b183.min.html]
[lakathybill.wixsite.com/f9fd7cbe.min.html]
[lakathybill.wixsite.com/e142d0f4.min.html]
[lakathybill.wixsite.com/96a73741.min.html]
[lakathybill.wixsite.com/4c758e80.min.html]
[lakathybill.wixsite.com/44b62fdc.min.html]
[lakathybill.wixsite.com/7f8c7c3e.min.html]
[lakathybill.wixsite.com/fbbc0ea4.min.html]
[lakathybill.wixsite.com/5d29307d.min.html]
[lakathybill.wixsite.com/85af43ab.min.html]
[lakathybill.wixsite.com/7010eb60.min.html]
[lakathybill.wixsite.com/63767dfb.min.html]
[lakathybill.wixsite.com/6ea7cb26.min.html]
[lakathybill.wixsite.com/5af11dd2.min.html]
[lakathybill.wixsite.com/2a453020.min.html]
[lakathybill.wixsite.com/f4335005.min.html]
[lakathybill.wixsite.com/566bec70.min.html]
[lakathybill.wixsite.com/fc40122e.min.html]
[lakathybill.wixsite.com/45242c23.min.html]
[lakathybill.wixsite.com/0efca64c.min.html]
[lakathybill.wixsite.com/42ccdc69.min.html]
[lakathybill.wixsite.com/4ea3b970.min.html]
[lakathybill.wixsite.com/0ee85551.min.html]
[lakathybill.wixsite.com/085f85ee.min.html]
[lakathybill.wixsite.com/fc21aae5.min.html]
[lakathybill.wixsite.com/641eb53d.min.html]
[lakathybill.wixsite.com/cabcae51.min.html]
[lakathybill.wixsite.com/b66c178d.min.html]
[lakathybill.wixsite.com/c7fdedca.min.html]
[lakathybill.wixsite.com/ce9dcea4.min.html]
[lakathybill.wixsite.com/bc497b45.min.html]
[lakathybill.wixsite.com/2acb415c.min.html]
[lakathybill.wixsite.com/7d6cd51b.min.html]
[lakathybill.wixsite.com/16e57088.min.html]
[lakathybill.wixsite.com/0a1c073a.min.html]
[lakathybill.wixsite.com/1ac8fc0f.min.html]
[lakathybill.wixsite.com/e5d84163.min.html]
[lakathybill.wixsite.com/d5f023bb.min.html]
[lakathybill.wixsite.com/d820de38.min.html]
[lakathybill.wixsite.com/012dc85e.min.html]
[lakathybill.wixsite.com/9d29a199.min.html]
[lakathybill.wixsite.com/381ee71b.min.html]
[lakathybill.wixsite.com/bf413556.min.html]
[lakathybill.wixsite.com/316080a6.min.html]
[lakathybill.wixsite.com/51a9742f.min.html]
[lakathybill.wixsite.com/bf732f1f.min.html]
[lakathybill.wixsite.com/99f4b3eb.min.html]
[lakathybill.wixsite.com/a545d558.min.html]
[lakathybill.wixsite.com/176e7b44.min.html]
[lakathybill.wixsite.com/5346ce3f.min.html]
[lakathybill.wixsite.com/f658a9c4.min.html]
[lakathybill.wixsite.com/33aee7c8.min.html]
[lakathybill.wixsite.com/e3a3f4c5.min.html]
[lakathybill.wixsite.com/69bf75cd.min.html]
[lakathybill.wixsite.com/ffcbad4e.min.html]
[lakathybill.wixsite.com/38076880.min.html]
[lakathybill.wixsite.com/e7f37adf.min.html]
[lakathybill.wixsite.com/6cf72bb0.min.html]
[lakathybill.wixsite.com/6b319425.min.html]
[lakathybill.wixsite.com/fd963395.min.html]
[lakathybill.wixsite.com/23fa9840.min.html]
[lakathybill.wixsite.com/d11ebffe.min.html]
[lakathybill.wixsite.com/91ffcb26.min.html]
[lakathybill.wixsite.com/72671acb.min.html]
[lakathybill.wixsite.com/40e5d5cf.min.html]
[lakathybill.wixsite.com/7c602eb2.min.html]
[lakathybill.wixsite.com/6b4c7217.min.html]
[lakathybill.wixsite.com/5b26625f.min.html]
[lakathybill.wixsite.com/2e327647.min.html]
[lakathybill.wixsite.com/4a6a7fc9.min.html]
[lakathybill.wixsite.com/f52e40aa.min.html]
[lakathybill.wixsite.com/f7b42816.min.html]
[lakathybill.wixsite.com/fbce49db.min.html]
[lakathybill.wixsite.com/a3e88b58.min.html]
[lakathybill.wixsite.com/ea8a0593.min.html]
[lakathybill.wixsite.com/b8760986.min.html]
[lakathybill.wixsite.com/37bd0eeb.min.html]
[lakathybill.wixsite.com/8d04f72e.min.html]
[lakathybill.wixsite.com/84c587cd.min.html]
[lakathybill.wixsite.com/ba7d2620.min.html]
[lakathybill.wixsite.com/41f1fa78.min.html]
[lakathybill.wixsite.com/3e581339.min.html]
[lakathybill.wixsite.com/a2f0f523.min.html]
[lakathybill.wixsite.com/86aca973.min.html]
[lakathybill.wixsite.com/06837cc2.min.html]
[lakathybill.wixsite.com/8005d5c1.min.html]
[lakathybill.wixsite.com/0e20a470.min.html]
[lakathybill.wixsite.com/c9b5bd15.min.html]
[lakathybill.wixsite.com/8c688a9d.min.html]
[lakathybill.wixsite.com/6b1e299b.min.html]
[lakathybill.wixsite.com/11d68990.min.html]
[lakathybill.wixsite.com/3f166307.min.html]
[lakathybill.wixsite.com/1355ec40.min.html]
[lakathybill.wixsite.com/48220e7a.min.html]
[lakathybill.wixsite.com/eca71e40.min.html]
[lakathybill.wixsite.com/024f5250.min.html]
[lakathybill.wixsite.com/54e8ad37.min.html]
[lakathybill.wixsite.com/c79634ce.min.html]
[lakathybill.wixsite.com/036d1c2c.min.html]
[lakathybill.wixsite.com/04c30725.min.html]
[lakathybill.wixsite.com/685dda1c.min.html]
[lakathybill.wixsite.com/ad3a6151.min.html]
[lakathybill.wixsite.com/b43bc41a.min.html]
[lakathybill.wixsite.com/aff3efe3.min.html]
[lakathybill.wixsite.com/755d6e92.min.html]
[lakathybill.wixsite.com/44306cc3.min.html]
[lakathybill.wixsite.com/f08a1c03.min.html]
[lakathybill.wixsite.com/6818c64c.min.html]
[lakathybill.wixsite.com/4fa4a352.min.html]
[lakathybill.wixsite.com/97d7cd97.min.html]
[lakathybill.wixsite.com/a1e76019.min.html]
[lakathybill.wixsite.com/b4bc6361.min.html]
[lakathybill.wixsite.com/9eed3e82.min.html]
[lakathybill.wixsite.com/ce776e38.min.html]
[lakathybill.wixsite.com/4a43b954.min.html]
[lakathybill.wixsite.com/799d016a.min.html]
[lakathybill.wixsite.com/c434348a.min.html]
[lakathybill.wixsite.com/4038e1e2.min.html]
[lakathybill.wixsite.com/c24f5e69.min.html]
[lakathybill.wixsite.com/8ab00128.min.html]
[lakathybill.wixsite.com/45eee88d.min.html]
[lakathybill.wixsite.com/7df86004.min.html]
[lakathybill.wixsite.com/145b5660.min.html]
[lakathybill.wixsite.com/3e624017.min.html]
[lakathybill.wixsite.com/eb810a4a.min.html]
[lakathybill.wixsite.com/81ed76c3.min.html]
[lakathybill.wixsite.com/6877123d.min.html]
[lakathybill.wixsite.com/d1f9c7e6.min.html]
[lakathybill.wixsite.com/34377b4a.min.html]
[lakathybill.wixsite.com/f0b4809d.min.html]
[lakathybill.wixsite.com/b0da3a19.min.html]
[lakathybill.wixsite.com/70e8afa8.min.html]
[lakathybill.wixsite.com/9c39b1d1.min.html]
[lakathybill.wixsite.com/59f9faa0.min.html]
[lakathybill.wixsite.com/b92ba9ff.min.html]
[lakathybill.wixsite.com/8665adc0.min.html]
[lakathybill.wixsite.com/96afd53f.min.html]
[lakathybill.wixsite.com/91e61dab.min.html]
[lakathybill.wixsite.com/41f245d4.min.html]
[lakathybill.wixsite.com/bb16d569.min.html]
[lakathybill.wixsite.com/e24e08e7.min.html]
[lakathybill.wixsite.com/9e775b26.min.html]
[lakathybill.wixsite.com/515d5f12.min.html]
[lakathybill.wixsite.com/13eb5276.min.html]
[lakathybill.wixsite.com/d474bb46.min.html]
[lakathybill.wixsite.com/2978359e.min.html]
[lakathybill.wixsite.com/4b1f6567.min.html]
[lakathybill.wixsite.com/4e6fba8d.min.html]
[lakathybill.wixsite.com/883064bf.min.html]
[lakathybill.wixsite.com/55fd4990.min.html]
[lakathybill.wixsite.com/882dfccd.min.html]
[lakathybill.wixsite.com/70efe3c5.min.html]
[lakathybill.wixsite.com/6d011635.min.html]
[lakathybill.wixsite.com/af38aead.min.html]
[lakathybill.wixsite.com/39cfb47d.min.html]
[lakathybill.wixsite.com/1a1f2ab9.min.html]
[lakathybill.wixsite.com/5ed4e092.min.html]
[lakathybill.wixsite.com/75512b1a.min.html]
[lakathybill.wixsite.com/2a38244f.min.html]
[lakathybill.wixsite.com/837e8139.min.html]
[lakathybill.wixsite.com/f8ec65c6.min.html]
[lakathybill.wixsite.com/913e0517.min.html]
[lakathybill.wixsite.com/2ce475e3.min.html]
[lakathybill.wixsite.com/96f4b814.min.html]
[lakathybill.wixsite.com/efcd8729.min.html]
[lakathybill.wixsite.com/0ebb4539.min.html]
[lakathybill.wixsite.com/c9371416.min.html]
[lakathybill.wixsite.com/84fca3f0.min.html]
[lakathybill.wixsite.com/44b60e9d.min.html]
[lakathybill.wixsite.com/48e483a5.min.html]
[lakathybill.wixsite.com/100a01ba.min.html]
[lakathybill.wixsite.com/dba31346.min.html]
[lakathybill.wixsite.com/5a61fee8.min.html]
[lakathybill.wixsite.com/6010b816.min.html]
[lakathybill.wixsite.com/99e9084d.min.html]
[lakathybill.wixsite.com/39cdb6e7.min.html]
[lakathybill.wixsite.com/98f5e34d.min.html]
[lakathybill.wixsite.com/4bd62377.min.html]
[lakathybill.wixsite.com/f6b4449f.min.html]
[lakathybill.wixsite.com/692d3cfd.min.html]
[lakathybill.wixsite.com/dda10bbb.min.html]
[lakathybill.wixsite.com/826aa068.min.html]
[lakathybill.wixsite.com/71561e01.min.html]
[lakathybill.wixsite.com/2aa93db9.min.html]
[lakathybill.wixsite.com/3acc863e.min.html]
[lakathybill.wixsite.com/3fc3aa14.min.html]
[lakathybill.wixsite.com/eed9660c.min.html]
[lakathybill.wixsite.com/e98ddd9c.min.html]
[lakathybill.wixsite.com/9f54505f.min.html]
[lakathybill.wixsite.com/82a3c6bd.min.html]
[lakathybill.wixsite.com/959e5e9e.min.html]
[lakathybill.wixsite.com/c6933345.min.html]
[lakathybill.wixsite.com/7ac66a81.min.html]
[lakathybill.wixsite.com/7f6e9aff.min.html]
[lakathybill.wixsite.com/7197ceeb.min.html]
[lakathybill.wixsite.com/4d761874.min.html]
[lakathybill.wixsite.com/57ee110f.min.html]
[lakathybill.wixsite.com/723e4fed.min.html]
[lakathybill.wixsite.com/7d0d5475.min.html]
[lakathybill.wixsite.com/d9e9ecf4.min.html]
[lakathybill.wixsite.com/4d71157d.min.html]
[lakathybill.wixsite.com/30611ad6.min.html]
[lakathybill.wixsite.com/3107aee2.min.html]
[lakathybill.wixsite.com/add763df.min.html]
[lakathybill.wixsite.com/20a005d9.min.html]
[lakathybill.wixsite.com/f12c724d.min.html]
[lakathybill.wixsite.com/b4927ff5.min.html]
[lakathybill.wixsite.com/339d9589.min.html]
[lakathybill.wixsite.com/bae96bce.min.html]
[lakathybill.wixsite.com/d88788f8.min.html]
[lakathybill.wixsite.com/623c42ff.min.html]
[lakathybill.wixsite.com/fdb4b4e1.min.html]
[lakathybill.wixsite.com/d9261128.min.html]
[lakathybill.wixsite.com/acc636be.min.html]
[lakathybill.wixsite.com/0dbd2410.min.html]
[lakathybill.wixsite.com/04e1c0d8.min.html]
[lakathybill.wixsite.com/015a530e.min.html]
[lakathybill.wixsite.com/63cc8be0.min.html]
[lakathybill.wixsite.com/731d5bce.min.html]
[lakathybill.wixsite.com/c61ac2b6.min.html]
[lakathybill.wixsite.com/c9d89f77.min.html]
[lakathybill.wixsite.com/77753e29.min.html]
[lakathybill.wixsite.com/2a3ba4df.min.html]
[lakathybill.wixsite.com/1150efce.min.html]
[lakathybill.wixsite.com/dbfd66d7.min.html]
[lakathybill.wixsite.com/e1813de1.min.html]
[lakathybill.wixsite.com/34b72cf9.min.html]
[lakathybill.wixsite.com/5d684912.min.html]
[lakathybill.wixsite.com/07d43a5b.min.html]
[lakathybill.wixsite.com/74e60b57.min.html]
[lakathybill.wixsite.com/71b202df.min.html]
[lakathybill.wixsite.com/1e24bd4a.min.html]
[lakathybill.wixsite.com/d078781b.min.html]
[lakathybill.wixsite.com/9a8b46cf.min.html]
[lakathybill.wixsite.com/f4071404.min.html]
[lakathybill.wixsite.com/a4efbb1a.min.html]
[lakathybill.wixsite.com/b69a6dca.min.html]
[lakathybill.wixsite.com/a8cea7d1.min.html]
[lakathybill.wixsite.com/9b7ffe32.min.html]
[lakathybill.wixsite.com/0e2bff6a.min.html]
[lakathybill.wixsite.com/8a3174ea.min.html]
[lakathybill.wixsite.com/56b396e1.min.html]
[lakathybill.wixsite.com/e31c9edb.min.html]
[lakathybill.wixsite.com/270ecc94.min.html]
[lakathybill.wixsite.com/aae8f9e8.min.html]
[lakathybill.wixsite.com/148a549f.min.html]
[lakathybill.wixsite.com/243dde79.min.html]
[lakathybill.wixsite.com/4b77444e.min.html]
[lakathybill.wixsite.com/debda15f.min.html]
[lakathybill.wixsite.com/c8e351db.min.html]
[lakathybill.wixsite.com/25adc72e.min.html]
[lakathybill.wixsite.com/ad3c03fe.min.html]
[lakathybill.wixsite.com/696515ba.min.html]
[lakathybill.wixsite.com/4a489c1e.chunk.min.html]
[lakathybill.wixsite.com/3a985912.chunk.min.html]
[lakathybill.wixsite.com/5270a42e.chunk.min.html]
[lakathybill.wixsite.com/261ff150.chunk.min.html]
[lakathybill.wixsite.com/rb_wixui.thunderbolt_bootstrap.7383a200.chunk.min.html]
[lakathybill.wixsite.com/rb_wixui.thunderbolt_bootstrap-classic.89bdd4d4.chunk.min.html]
[lakathybill.wixsite.com/rb_wixui.thunderbolt_bootstrap-classic.3a985912.chunk.min.html]
[lakathybill.wixsite.com/rb_wixui.thunderbolt_bootstrap-responsive.a66c1914.chunk.min.html]
[lakathybill.wixsite.com/rb_wixui.thunderbolt_bootstrap-responsive.5270a42e.chunk.min.html]
[lakathybill.wixsite.com/rb_wixui.thunderbolt_common-site-members-dialogs.6a59e2ad.chunk.min.html]
[lakathybill.wixsite.com/rb_wixui.thunderbolt_common-site-members-dialogs.261ff150.chunk.min.html]
[lakathybill.wixsite.com/rb_wixui.corvid_core.18d75b7f.chunk.min.html]
[lakathybill.wixsite.com/rb_wixui.thunderbolt_mobile.eea54e4b.chunk.min.html]
[lakathybill.wixsite.com/decodeURIComponent(e.html]
[lakathybill.wixsite.com/sitemap.html]
[lakathybill.wixsite.com/feed.html]
[lakathybill.wixsite.com/index.html]
[lakathybill.wixsite.com/version/index.html]
[lakathybill.wixsite.com/kathybill/47b73115.min.css]
[lakathybill.wixsite.com/kathybill/1a3ca2ee.min.css]
[lakathybill.wixsite.com/kathybill/16e44c05.min.css]
[lakathybill.wixsite.com/kathybill/6ac53ab7.min.css]
[lakathybill.wixsite.com/kathybill/02595569.min.css]
[lakathybill.wixsite.com/kathybill/e5861f41.min.css]
[lakathybill.wixsite.com/kathybill/c53e42d7.min.css]
[lakathybill.wixsite.com/kathybill/da6c52cb.min.css]
[lakathybill.wixsite.com/kathybill/3d2759f7.min.css]
[lakathybill.wixsite.com/kathybill/960c3a88.min.css]
[lakathybill.wixsite.com/kathybill/390543ac.min.css]
[lakathybill.wixsite.com/kathybill/ad7057f7.min.css]
[lakathybill.wixsite.com/kathybill/7d94280d.min.css]
[lakathybill.wixsite.com/kathybill/f36661fb.min.css]
[lakathybill.wixsite.com/kathybill/aa613bd1.min.css]
[lakathybill.wixsite.com/kathybill/22ef40bf.min.css]
[lakathybill.wixsite.com/kathybill/6daaad8b.min.css]
[lakathybill.wixsite.com/kathybill/bf91693c.min.css]
[lakathybill.wixsite.com/kathybill/b4ae8803.min.css]
[lakathybill.wixsite.com/kathybill/62ccedec.min.css]
[lakathybill.wixsite.com/kathybill/ae08c227.min.css]
[lakathybill.wixsite.com/kathybill/11f27093.min.css]
[lakathybill.wixsite.com/kathybill/9b155e90.min.css]
[lakathybill.wixsite.com/kathybill/4ec2545d.min.css]
[lakathybill.wixsite.com/kathybill/1bbe301d.min.css]
[lakathybill.wixsite.com/kathybill/e78a13b3.min.css]
[lakathybill.wixsite.com/kathybill/b604fd33.min.css]
[lakathybill.wixsite.com/kathybill/48c6d58d.min.css]
[lakathybill.wixsite.com/kathybill/439c90c8.min.css]
[lakathybill.wixsite.com/kathybill/cd69f57c.min.css]
[lakathybill.wixsite.com/kathybill/bc223d50.min.css]
[lakathybill.wixsite.com/kathybill/bc2466c0.min.css]
[lakathybill.wixsite.com/kathybill/5d7b6bbf.min.css]
[lakathybill.wixsite.com/kathybill/3fdab364.min.css]
[lakathybill.wixsite.com/kathybill/20d93486.min.css]
[lakathybill.wixsite.com/kathybill/9692b4a8.min.css]
[lakathybill.wixsite.com/kathybill/914012ea.min.css]
[lakathybill.wixsite.com/kathybill/ffa0eb8f.min.css]
[lakathybill.wixsite.com/kathybill/fe8be6d6.min.css]
[lakathybill.wixsite.com/kathybill/a28cca36.min.css]
[lakathybill.wixsite.com/kathybill/02b07b80.min.css]
[lakathybill.wixsite.com/kathybill/265e9a4a.min.css]
[lakathybill.wixsite.com/kathybill/ff342417.min.css]
[lakathybill.wixsite.com/kathybill/2a1582d7.min.css]
[lakathybill.wixsite.com/kathybill/eb321d93.min.css]
[lakathybill.wixsite.com/kathybill/06cfef68.min.css]
[lakathybill.wixsite.com/kathybill/49a18e23.min.css]
[lakathybill.wixsite.com/kathybill/2467b183.min.css]
[lakathybill.wixsite.com/kathybill/f9fd7cbe.min.css]
[lakathybill.wixsite.com/kathybill/e142d0f4.min.css]
[lakathybill.wixsite.com/kathybill/96a73741.min.css]
[lakathybill.wixsite.com/kathybill/4c758e80.min.css]
[lakathybill.wixsite.com/kathybill/44b62fdc.min.css]
[lakathybill.wixsite.com/kathybill/7f8c7c3e.min.css]
[lakathybill.wixsite.com/kathybill/fbbc0ea4.min.css]
[lakathybill.wixsite.com/kathybill/5d29307d.min.css]
[lakathybill.wixsite.com/kathybill/85af43ab.min.css]
[lakathybill.wixsite.com/kathybill/7010eb60.min.css]
[lakathybill.wixsite.com/kathybill/63767dfb.min.css]
[lakathybill.wixsite.com/kathybill/6ea7cb26.min.css]
[lakathybill.wixsite.com/kathybill/5af11dd2.min.css]
[lakathybill.wixsite.com/kathybill/2a453020.min.css]
[lakathybill.wixsite.com/kathybill/f4335005.min.css]
[lakathybill.wixsite.com/kathybill/566bec70.min.css]
[lakathybill.wixsite.com/kathybill/fc40122e.min.css]
[lakathybill.wixsite.com/kathybill/45242c23.min.css]
[lakathybill.wixsite.com/kathybill/0efca64c.min.css]
[lakathybill.wixsite.com/kathybill/42ccdc69.min.css]
[lakathybill.wixsite.com/kathybill/4ea3b970.min.css]
[lakathybill.wixsite.com/kathybill/0ee85551.min.css]
[lakathybill.wixsite.com/kathybill/085f85ee.min.css]
[lakathybill.wixsite.com/kathybill/fc21aae5.min.css]
[lakathybill.wixsite.com/kathybill/641eb53d.min.css]
[lakathybill.wixsite.com/kathybill/cabcae51.min.css]
[lakathybill.wixsite.com/kathybill/b66c178d.min.css]
[lakathybill.wixsite.com/kathybill/c7fdedca.min.css]
[lakathybill.wixsite.com/kathybill/ce9dcea4.min.css]
[lakathybill.wixsite.com/kathybill/bc497b45.min.css]
[lakathybill.wixsite.com/kathybill/2acb415c.min.css]
[lakathybill.wixsite.com/kathybill/7d6cd51b.min.1a7.delayed]
[lakathybill.wixsite.com/kathybill/16e57088.min.css]
[lakathybill.wixsite.com/kathybill/0a1c073a.min.css]
[lakathybill.wixsite.com/kathybill/1ac8fc0f.min.css]
[lakathybill.wixsite.com/kathybill/e5d84163.min.css]
[lakathybill.wixsite.com/kathybill/d5f023bb.min.css]
[lakathybill.wixsite.com/kathybill/d820de38.min.css]
[lakathybill.wixsite.com/kathybill/012dc85e.min.css]
[lakathybill.wixsite.com/kathybill/9d29a199.min.css]
[lakathybill.wixsite.com/kathybill/381ee71b.min.css]
[lakathybill.wixsite.com/kathybill/bf413556.min.css]
[lakathybill.wixsite.com/kathybill/316080a6.min.css]
[lakathybill.wixsite.com/kathybill/51a9742f.min.css]
[lakathybill.wixsite.com/kathybill/bf732f1f.min.css]
[lakathybill.wixsite.com/kathybill/99f4b3eb.min.css]
[lakathybill.wixsite.com/kathybill/a545d558.min.css]
[lakathybill.wixsite.com/kathybill/176e7b44.min.css]
[lakathybill.wixsite.com/kathybill/5346ce3f.min.css]
[lakathybill.wixsite.com/kathybill/f658a9c4.min.css]
[lakathybill.wixsite.com/kathybill/33aee7c8.min.css]
[lakathybill.wixsite.com/kathybill/e3a3f4c5.min.css]
[lakathybill.wixsite.com/kathybill/69bf75cd.min.css]
[lakathybill.wixsite.com/kathybill/ffcbad4e.min.css]
[lakathybill.wixsite.com/kathybill/38076880.min.css]
[lakathybill.wixsite.com/kathybill/e7f37adf.min.css]
[lakathybill.wixsite.com/kathybill/6cf72bb0.min.css]
[lakathybill.wixsite.com/kathybill/6b319425.min.css]
[lakathybill.wixsite.com/kathybill/fd963395.min.css]
[lakathybill.wixsite.com/kathybill/23fa9840.min.css]
[lakathybill.wixsite.com/kathybill/d11ebffe.min.css]
[lakathybill.wixsite.com/kathybill/91ffcb26.min.css]
[lakathybill.wixsite.com/kathybill/72671acb.min.css]
[lakathybill.wixsite.com/kathybill/40e5d5cf.min.css]
[lakathybill.wixsite.com/kathybill/7c602eb2.min.css]
[lakathybill.wixsite.com/kathybill/6b4c7217.min.css]
[lakathybill.wixsite.com/kathybill/5b26625f.min.css]
[lakathybill.wixsite.com/kathybill/2e327647.min.css]
[lakathybill.wixsite.com/kathybill/4a6a7fc9.min.css]
[lakathybill.wixsite.com/kathybill/f52e40aa.min.css]
[lakathybill.wixsite.com/kathybill/f7b42816.min.css]
[lakathybill.wixsite.com/kathybill/fbce49db.min.css]
[lakathybill.wixsite.com/kathybill/a3e88b58.min.css]
[lakathybill.wixsite.com/kathybill/ea8a0593.min.css]
[lakathybill.wixsite.com/kathybill/b8760986.min.css]
[lakathybill.wixsite.com/kathybill/37bd0eeb.min.css]
[lakathybill.wixsite.com/kathybill/8d04f72e.min.css]
[lakathybill.wixsite.com/kathybill/84c587cd.min.css]
[lakathybill.wixsite.com/kathybill/ba7d2620.min.css]
[lakathybill.wixsite.com/kathybill/41f1fa78.min.css]
[lakathybill.wixsite.com/kathybill/3e581339.min.css]
[lakathybill.wixsite.com/kathybill/a2f0f523.min.css]
[lakathybill.wixsite.com/kathybill/86aca973.min.css]
[lakathybill.wixsite.com/kathybill/06837cc2.min.css]
[lakathybill.wixsite.com/kathybill/8005d5c1.min.css]
[lakathybill.wixsite.com/kathybill/0e20a470.min.css]
[lakathybill.wixsite.com/kathybill/c9b5bd15.min.css]
[lakathybill.wixsite.com/kathybill/8c688a9d.min.css]
[lakathybill.wixsite.com/kathybill/6b1e299b.min.css]
[lakathybill.wixsite.com/kathybill/11d68990.min.css]
[lakathybill.wixsite.com/kathybill/3f166307.min.css]
[lakathybill.wixsite.com/kathybill/1355ec40.min.css]
[lakathybill.wixsite.com/kathybill/48220e7a.min.css]
[lakathybill.wixsite.com/kathybill/eca71e40.min.css]
[lakathybill.wixsite.com/kathybill/024f5250.min.css]
[lakathybill.wixsite.com/kathybill/54e8ad37.min.css]
[lakathybill.wixsite.com/kathybill/c79634ce.min.css]
[lakathybill.wixsite.com/kathybill/036d1c2c.min.css]
[lakathybill.wixsite.com/kathybill/04c30725.min.css]
[lakathybill.wixsite.com/kathybill/685dda1c.min.css]
[lakathybill.wixsite.com/kathybill/ad3a6151.min.css]
[lakathybill.wixsite.com/kathybill/b43bc41a.min.css]
[lakathybill.wixsite.com/kathybill/aff3efe3.min.css]
[lakathybill.wixsite.com/kathybill/755d6e92.min.css]
[lakathybill.wixsite.com/kathybill/44306cc3.min.css]
[lakathybill.wixsite.com/kathybill/f08a1c03.min.css]
[lakathybill.wixsite.com/kathybill/6818c64c.min.css]
[lakathybill.wixsite.com/kathybill/4fa4a352.min.css]
[lakathybill.wixsite.com/kathybill/97d7cd97.min.css]
[lakathybill.wixsite.com/kathybill/a1e76019.min.css]
[lakathybill.wixsite.com/kathybill/b4bc6361.min.css]
[lakathybill.wixsite.com/kathybill/9eed3e82.min.css]
[lakathybill.wixsite.com/kathybill/ce776e38.min.css]
[lakathybill.wixsite.com/kathybill/4a43b954.min.css]
[lakathybill.wixsite.com/kathybill/799d016a.min.css]
[lakathybill.wixsite.com/kathybill/c434348a.min.css]
[lakathybill.wixsite.com/kathybill/4038e1e2.min.css]
[lakathybill.wixsite.com/kathybill/c24f5e69.min.css]
[lakathybill.wixsite.com/kathybill/8ab00128.min.css]
[lakathybill.wixsite.com/kathybill/45eee88d.min.css]
[lakathybill.wixsite.com/kathybill/7df86004.min.css]
[lakathybill.wixsite.com/kathybill/145b5660.min.css]
[lakathybill.wixsite.com/kathybill/3e624017.min.css]
[lakathybill.wixsite.com/kathybill/eb810a4a.min.css]
[lakathybill.wixsite.com/kathybill/81ed76c3.min.css]
[lakathybill.wixsite.com/kathybill/6877123d.min.css]
[lakathybill.wixsite.com/kathybill/d1f9c7e6.min.css]
[lakathybill.wixsite.com/kathybill/34377b4a.min.css]
[lakathybill.wixsite.com/kathybill/f0b4809d.min.css]
[lakathybill.wixsite.com/kathybill/b0da3a19.min.css]
[lakathybill.wixsite.com/kathybill/70e8afa8.min.css]
[lakathybill.wixsite.com/kathybill/9c39b1d1.min.20b.delayed]
[lakathybill.wixsite.com/kathybill/59f9faa0.min.css]
[lakathybill.wixsite.com/kathybill/b92ba9ff.min.css]
[lakathybill.wixsite.com/kathybill/8665adc0.min.css]
[lakathybill.wixsite.com/kathybill/96afd53f.min.css]
[lakathybill.wixsite.com/kathybill/91e61dab.min.css]
[lakathybill.wixsite.com/kathybill/41f245d4.min.css]
[lakathybill.wixsite.com/kathybill/bb16d569.min.css]
[lakathybill.wixsite.com/kathybill/e24e08e7.min.css]
[lakathybill.wixsite.com/kathybill/9e775b26.min.css]
[lakathybill.wixsite.com/kathybill/515d5f12.min.css]
[lakathybill.wixsite.com/kathybill/13eb5276.min.css]
[lakathybill.wixsite.com/kathybill/d474bb46.min.css]
[lakathybill.wixsite.com/kathybill/2978359e.min.css]
[lakathybill.wixsite.com/kathybill/4b1f6567.min.css]
[lakathybill.wixsite.com/kathybill/4e6fba8d.min.css]
[lakathybill.wixsite.com/kathybill/883064bf.min.css]
[lakathybill.wixsite.com/kathybill/55fd4990.min.css]
[lakathybill.wixsite.com/kathybill/882dfccd.min.css]
[lakathybill.wixsite.com/kathybill/70efe3c5.min.css]
[lakathybill.wixsite.com/kathybill/6d011635.min.css]
[lakathybill.wixsite.com/kathybill/af38aead.min.css]
[lakathybill.wixsite.com/kathybill/39cfb47d.min.css]
[lakathybill.wixsite.com/kathybill/1a1f2ab9.min.css]
[lakathybill.wixsite.com/kathybill/5ed4e092.min.css]
[lakathybill.wixsite.com/kathybill/75512b1a.min.css]
[lakathybill.wixsite.com/kathybill/2a38244f.min.css]
[lakathybill.wixsite.com/kathybill/837e8139.min.css]
[lakathybill.wixsite.com/kathybill/f8ec65c6.min.css]
[lakathybill.wixsite.com/kathybill/913e0517.min.css]
[lakathybill.wixsite.com/kathybill/2ce475e3.min.css]
[lakathybill.wixsite.com/kathybill/96f4b814.min.css]
[lakathybill.wixsite.com/kathybill/efcd8729.min.css]
[lakathybill.wixsite.com/kathybill/0ebb4539.min.css]
[lakathybill.wixsite.com/kathybill/c9371416.min.css]
[lakathybill.wixsite.com/kathybill/84fca3f0.min.css]
[lakathybill.wixsite.com/kathybill/44b60e9d.min.css]
[lakathybill.wixsite.com/kathybill/48e483a5.min.css]
[lakathybill.wixsite.com/kathybill/100a01ba.min.css]
[lakathybill.wixsite.com/kathybill/dba31346.min.css]
[lakathybill.wixsite.com/kathybill/5a61fee8.min.css]
[lakathybill.wixsite.com/kathybill/6010b816.min.css]
[lakathybill.wixsite.com/kathybill/99e9084d.min.css]
[lakathybill.wixsite.com/kathybill/39cdb6e7.min.css]
[lakathybill.wixsite.com/kathybill/98f5e34d.min.css]
[lakathybill.wixsite.com/kathybill/4bd62377.min.css]
[lakathybill.wixsite.com/kathybill/f6b4449f.min.css]
[lakathybill.wixsite.com/kathybill/692d3cfd.min.css]
[lakathybill.wixsite.com/kathybill/dda10bbb.min.css]
[lakathybill.wixsite.com/kathybill/826aa068.min.css]
[lakathybill.wixsite.com/kathybill/71561e01.min.css]
[lakathybill.wixsite.com/kathybill/2aa93db9.min.css]
[lakathybill.wixsite.com/kathybill/3acc863e.min.css]
[lakathybill.wixsite.com/kathybill/3fc3aa14.min.css]
[lakathybill.wixsite.com/kathybill/eed9660c.min.css]
[lakathybill.wixsite.com/kathybill/e98ddd9c.min.css]
[lakathybill.wixsite.com/kathybill/9f54505f.min.css]
[lakathybill.wixsite.com/kathybill/82a3c6bd.min.css]
[lakathybill.wixsite.com/kathybill/959e5e9e.min.css]
[lakathybill.wixsite.com/kathybill/c6933345.min.css]
[lakathybill.wixsite.com/kathybill/7ac66a81.min.css]
[lakathybill.wixsite.com/kathybill/7f6e9aff.min.css]
[lakathybill.wixsite.com/kathybill/7197ceeb.min.css]
[lakathybill.wixsite.com/kathybill/4d761874.min.css]
[lakathybill.wixsite.com/kathybill/57ee110f.min.css]
[lakathybill.wixsite.com/kathybill/723e4fed.min.css]
[lakathybill.wixsite.com/kathybill/7d0d5475.min.css]
[lakathybill.wixsite.com/kathybill/d9e9ecf4.min.css]
[lakathybill.wixsite.com/kathybill/4d71157d.min.css]
[lakathybill.wixsite.com/kathybill/30611ad6.min.css]
[lakathybill.wixsite.com/kathybill/3107aee2.min.css]
[lakathybill.wixsite.com/kathybill/add763df.min.css]
[lakathybill.wixsite.com/kathybill/20a005d9.min.css]
[lakathybill.wixsite.com/kathybill/f12c724d.min.css]
[lakathybill.wixsite.com/kathybill/b4927ff5.min.css]
[lakathybill.wixsite.com/kathybill/339d9589.min.css]
[lakathybill.wixsite.com/kathybill/bae96bce.min.css]
[lakathybill.wixsite.com/kathybill/d88788f8.min.css]
[lakathybill.wixsite.com/kathybill/623c42ff.min.css]
[lakathybill.wixsite.com/kathybill/fdb4b4e1.min.css]
[lakathybill.wixsite.com/kathybill/d9261128.min.css]
[lakathybill.wixsite.com/kathybill/acc636be.min.css]
[lakathybill.wixsite.com/kathybill/0dbd2410.min.css]
[lakathybill.wixsite.com/kathybill/04e1c0d8.min.css]
[lakathybill.wixsite.com/kathybill/015a530e.min.css]
[lakathybill.wixsite.com/kathybill/63cc8be0.min.css]
[lakathybill.wixsite.com/kathybill/731d5bce.min.css]
[lakathybill.wixsite.com/kathybill/c61ac2b6.min.css]
[lakathybill.wixsite.com/kathybill/c9d89f77.min.css]
[lakathybill.wixsite.com/kathybill/77753e29.min.css]
[lakathybill.wixsite.com/kathybill/2a3ba4df.min.css]
[lakathybill.wixsite.com/kathybill/1150efce.min.css]
[lakathybill.wixsite.com/kathybill/dbfd66d7.min.css]
[lakathybill.wixsite.com/kathybill/e1813de1.min.css]
[lakathybill.wixsite.com/kathybill/34b72cf9.min.css]
[lakathybill.wixsite.com/kathybill/5d684912.min.css]
[lakathybill.wixsite.com/kathybill/07d43a5b.min.css]
[lakathybill.wixsite.com/kathybill/74e60b57.min.css]
[lakathybill.wixsite.com/kathybill/71b202df.min.css]
[lakathybill.wixsite.com/kathybill/1e24bd4a.min.css]
[lakathybill.wixsite.com/kathybill/d078781b.min.26f.delayed]
[lakathybill.wixsite.com/kathybill/9a8b46cf.min.css]
[lakathybill.wixsite.com/kathybill/f4071404.min.css]
[lakathybill.wixsite.com/kathybill/a4efbb1a.min.css]
[lakathybill.wixsite.com/kathybill/b69a6dca.min.css]
[lakathybill.wixsite.com/kathybill/a8cea7d1.min.css]
[lakathybill.wixsite.com/kathybill/9b7ffe32.min.css]
[lakathybill.wixsite.com/kathybill/0e2bff6a.min.css]
[lakathybill.wixsite.com/kathybill/8a3174ea.min.css]
[lakathybill.wixsite.com/kathybill/56b396e1.min.css]
[lakathybill.wixsite.com/kathybill/e31c9edb.min.css]
[lakathybill.wixsite.com/kathybill/270ecc94.min.css]
[lakathybill.wixsite.com/kathybill/aae8f9e8.min.css]
[lakathybill.wixsite.com/kathybill/148a549f.min.css]
[lakathybill.wixsite.com/kathybill/243dde79.min.css]
[lakathybill.wixsite.com/kathybill/4b77444e.min.css]
[lakathybill.wixsite.com/kathybill/debda15f.min.css]
[lakathybill.wixsite.com/kathybill/c8e351db.min.css]
[lakathybill.wixsite.com/kathybill/25adc72e.min.css]
[lakathybill.wixsite.com/kathybill/ad3c03fe.min.css]
[lakathybill.wixsite.com/kathybill/696515ba.min.css]
[lakathybill.wixsite.com/kathybill/4a489c1e.chunk.min.js]
[lakathybill.wixsite.com/kathybill/3a985912.chunk.min.js]
[lakathybill.wixsite.com/kathybill/5270a42e.chunk.min.js]
[lakathybill.wixsite.com/kathybill/261ff150.chunk.min.js]
[lakathybill.wixsite.com/kathybill/rb_wixui.thunderbolt_bootstrap.7383a200.chunk.min.js]
[lakathybill.wixsite.com/kathybill/rb_wixui.thunderbolt_bootstrap-classic.89bdd4d4.chunk.min.css]
[lakathybill.wixsite.com/kathybill/rb_wixui.thunderbolt_bootstrap-classic.3a985912.chunk.min.js]
[lakathybill.wixsite.com/kathybill/rb_wixui.thunderbolt_bootstrap-responsive.a66c1914.chunk.min.css]
[lakathybill.wixsite.com/kathybill/rb_wixui.thunderbolt_bootstrap-responsive.5270a42e.chunk.min.js]
[lakathybill.wixsite.com/kathybill/rb_wixui.thunderbolt_common-site-members-dialogs.6a59e2ad.chunk.min.css]
[lakathybill.wixsite.com/kathybill/rb_wixui.thunderbolt_common-site-members-dialogs.261ff150.chunk.min.js]
[lakathybill.wixsite.com/kathybill/rb_wixui.corvid_core.18d75b7f.chunk.min.js]
[lakathybill.wixsite.com/kathybill/rb_wixui.thunderbolt_mobile.eea54e4b.chunk.min.css]
[lakathybill.wixsite.com/kathybill/decodeURIComponent(e]
[lakathybill.wixsite.com/kathybill/robots.txt]
[lakathybill.wixsite.com/kathybill/sitemap.xml]
[lakathybill.wixsite.com/kathybill/feed.xml]
[lakathybill.wixsite.com/kathybill/version/index.html]
[static.wixstatic.com/media/8c1a5b_a15ea9a6af304f749864dbe6193b4cfe.jpg/v1/fill/w_213,h_120,al_c,q_80,usm_0.66_1.00_0.01,blur_2,enc_auto/8c1a5b_a15ea9a6af304f749864dbe6193b4cfe.jpg]
[lakathybill.wixsite.com/kathybill/the-other-place.html]
[lakathybill.wixsite.com/kathybill/the-flow-1.html]
[static.wixstatic.com/media/8c1a5b_08ee45586b4347dfaca9d689b1a3ef07.jpg/v1/fill/w_213,h_120,al_c,q_80,usm_0.66_1.00_0.01,blur_2,enc_auto/8c1a5b_08ee45586b4347dfaca9d689b1a3ef07.jpg]
[lakathybill.wixsite.com/kathybill/my-escape.html]
[static.wixstatic.com/media/8c1a5b_f6269b803806478fba05c05bb7ad9cdf.jpg/v1/fill/w_213,h_120,al_c,q_80,usm_0.66_1.00_0.01,blur_2,enc_auto/8c1a5b_f6269b803806478fba05c05bb7ad9cdf.jpg]
[lakathybill.wixsite.com/kathybill/i-never-existed.html]
[lakathybill.wixsite.com/kathybill/my-daily-bread.html]
[static.wixstatic.com/media/8c1a5b_a6274848917b4dc8a0a6d02b7745e590.jpg/v1/crop/x_0,y_244,w_2212,h_3005/fill/w_143,h_194,al_c,q_80,usm_0.66_1.00_0.01,blur_2/8c1a5b_a6274848917b4dc8a0a6d02b7745e590.298.delay]
[static.wixstatic.com/media/8c1a5b_e929f0e4a2a3410c8b491bc744f88ef2.jpg/v1/fill/w_233,h_113,al_c,q_80,usm_0.66_1.00_0.01,blur_2,enc_auto/8c1a5b_e929f0e4a2a3410c8b491bc744f88ef2.png]
[lakathybill.wixsite.com/kathybill/a-breath-away.html]
[static.wixstatic.com/media/8c1a5b_958f6d919e994c7b8ad46af75a0167f9.jpg/v1/fill/w_192,h_120,al_c,q_80,usm_0.66_1.00_0.01,blur_2,enc_auto/8c1a5b_958f6d919e994c7b8ad46af75a0167f9.jpg]
[lakathybill.wixsite.com/kathybill/till-the-sun-sets.html]
[lakathybill.wixsite.com/kathybill/en-quarantaine.html]
[lakathybill.wixsite.com/kathybill/video-performance.html]
[lakathybill.wixsite.com/kathybill/installation-2.html]
[static.wixstatic.com/media/8bb438_13816991487f4acf95ab732909530c0c.jpeg/v1/fill/w_296,h_296,fp_0.50_0.50,q_90,usm_1.00_0.66_0.01/8bb438_13816991487f4acf95ab732909530c0c.jpg]
[static.wixstatic.com/media/8bb438_f0b35c13e05742caa74b153fbd7c51e3.jpg/v1/fill/w_296,h_296,fp_0.50_0.50,q_90,usm_1.00_0.66_0.01/8bb438_f0b35c13e05742caa74b153fbd7c51e3.jpg]
[lakathybill.wixsite.com/kathybill/sculpture.html]
[lakathybill.wixsite.com/kathybill/about.html]
[lakathybill.wixsite.com/kathybill/47b73115.min.html]
[lakathybill.wixsite.com/kathybill/1a3ca2ee.min.html]
[lakathybill.wixsite.com/kathybill/16e44c05.min.html]
[lakathybill.wixsite.com/kathybill/6ac53ab7.min.html]
[lakathybill.wixsite.com/kathybill/02595569.min.html]
[lakathybill.wixsite.com/kathybill/e5861f41.min.html]
[lakathybill.wixsite.com/kathybill/c53e42d7.min.html]
[lakathybill.wixsite.com/kathybill/da6c52cb.min.html]
[lakathybill.wixsite.com/kathybill/3d2759f7.min.html]
[lakathybill.wixsite.com/kathybill/960c3a88.min.html]
[lakathybill.wixsite.com/kathybill/390543ac.min.html]
[lakathybill.wixsite.com/kathybill/ad7057f7.min.html]
[lakathybill.wixsite.com/kathybill/7d94280d.min.html]
[lakathybill.wixsite.com/kathybill/f36661fb.min.html]
[lakathybill.wixsite.com/kathybill/aa613bd1.min.html]
[lakathybill.wixsite.com/kathybill/22ef40bf.min.html]
[lakathybill.wixsite.com/kathybill/6daaad8b.min.html]
[lakathybill.wixsite.com/kathybill/bf91693c.min.html]
[lakathybill.wixsite.com/kathybill/b4ae8803.min.html]
[lakathybill.wixsite.com/kathybill/62ccedec.min.html]
[lakathybill.wixsite.com/kathybill/ae08c227.min.html]
[lakathybill.wixsite.com/kathybill/11f27093.min.html]
[lakathybill.wixsite.com/kathybill/9b155e90.min.html]
[lakathybill.wixsite.com/kathybill/4ec2545d.min.html]
[lakathybill.wixsite.com/kathybill/1bbe301d.min.html]
[lakathybill.wixsite.com/kathybill/e78a13b3.min.html]
[lakathybill.wixsite.com/kathybill/b604fd33.min.html]
[lakathybill.wixsite.com/kathybill/48c6d58d.min.html]
[lakathybill.wixsite.com/kathybill/439c90c8.min.html]
[lakathybill.wixsite.com/kathybill/cd69f57c.min.html]
[lakathybill.wixsite.com/kathybill/bc223d50.min.html]
[lakathybill.wixsite.com/kathybill/bc2466c0.min.html]
[lakathybill.wixsite.com/kathybill/5d7b6bbf.min.html]
[lakathybill.wixsite.com/kathybill/3fdab364.min.html]
[lakathybill.wixsite.com/kathybill/20d93486.min.html]
[lakathybill.wixsite.com/kathybill/9692b4a8.min.html]
[lakathybill.wixsite.com/kathybill/914012ea.min.html]
[lakathybill.wixsite.com/kathybill/ffa0eb8f.min.html]
[lakathybill.wixsite.com/kathybill/fe8be6d6.min.html]
[lakathybill.wixsite.com/kathybill/a28cca36.min.html]
[lakathybill.wixsite.com/kathybill/02b07b80.min.html]
[lakathybill.wixsite.com/kathybill/265e9a4a.min.html]
[lakathybill.wixsite.com/kathybill/ff342417.min.html]
[lakathybill.wixsite.com/kathybill/2a1582d7.min.html]
[lakathybill.wixsite.com/kathybill/eb321d93.min.html]
[lakathybill.wixsite.com/kathybill/06cfef68.min.html]
[lakathybill.wixsite.com/kathybill/49a18e23.min.html]
[lakathybill.wixsite.com/kathybill/2467b183.min.html]
[lakathybill.wixsite.com/kathybill/f9fd7cbe.min.html]
[lakathybill.wixsite.com/kathybill/e142d0f4.min.html]
[lakathybill.wixsite.com/kathybill/96a73741.min.html]
[lakathybill.wixsite.com/kathybill/4c758e80.min.html]
[lakathybill.wixsite.com/kathybill/44b62fdc.min.html]
[lakathybill.wixsite.com/kathybill/7f8c7c3e.min.html]
[lakathybill.wixsite.com/kathybill/fbbc0ea4.min.html]
[lakathybill.wixsite.com/kathybill/5d29307d.min.html]
[lakathybill.wixsite.com/kathybill/85af43ab.min.html]
[lakathybill.wixsite.com/kathybill/7010eb60.min.html]
[lakathybill.wixsite.com/kathybill/63767dfb.min.html]
[lakathybill.wixsite.com/kathybill/6ea7cb26.min.html]
[lakathybill.wixsite.com/kathybill/5af11dd2.min.html]
[lakathybill.wixsite.com/kathybill/2a453020.min.html]
[lakathybill.wixsite.com/kathybill/f4335005.min.html]
[lakathybill.wixsite.com/kathybill/566bec70.min.html]
[lakathybill.wixsite.com/kathybill/fc40122e.min.html]
[lakathybill.wixsite.com/kathybill/45242c23.min.html]
[lakathybill.wixsite.com/kathybill/0efca64c.min.html]
[lakathybill.wixsite.com/kathybill/42ccdc69.min.html]
[lakathybill.wixsite.com/kathybill/4ea3b970.min.html]
[lakathybill.wixsite.com/kathybill/0ee85551.min.html]
[lakathybill.wixsite.com/kathybill/085f85ee.min.html]
[lakathybill.wixsite.com/kathybill/fc21aae5.min.html]
[lakathybill.wixsite.com/kathybill/641eb53d.min.html]
[lakathybill.wixsite.com/kathybill/cabcae51.min.html]
[lakathybill.wixsite.com/kathybill/b66c178d.min.html]
[lakathybill.wixsite.com/kathybill/c7fdedca.min.html]
[lakathybill.wixsite.com/kathybill/ce9dcea4.min.html]
[lakathybill.wixsite.com/kathybill/bc497b45.min.html]
[lakathybill.wixsite.com/kathybill/2acb415c.min.html]
[lakathybill.wixsite.com/kathybill/7d6cd51b.min.html]
[lakathybill.wixsite.com/kathybill/16e57088.min.html]
[lakathybill.wixsite.com/kathybill/0a1c073a.min.html]
[lakathybill.wixsite.com/kathybill/1ac8fc0f.min.html]
[lakathybill.wixsite.com/kathybill/e5d84163.min.html]
[lakathybill.wixsite.com/kathybill/d5f023bb.min.html]
[lakathybill.wixsite.com/kathybill/d820de38.min.html]
[lakathybill.wixsite.com/kathybill/012dc85e.min.html]
[lakathybill.wixsite.com/kathybill/9d29a199.min.html]
[lakathybill.wixsite.com/kathybill/381ee71b.min.html]
[lakathybill.wixsite.com/kathybill/bf413556.min.html]
[lakathybill.wixsite.com/kathybill/316080a6.min.html]
[lakathybill.wixsite.com/kathybill/51a9742f.min.html]
[lakathybill.wixsite.com/kathybill/bf732f1f.min.html]
[lakathybill.wixsite.com/kathybill/99f4b3eb.min.html]
[lakathybill.wixsite.com/kathybill/a545d558.min.html]
[lakathybill.wixsite.com/kathybill/176e7b44.min.html]
[lakathybill.wixsite.com/kathybill/5346ce3f.min.html]
[lakathybill.wixsite.com/kathybill/f658a9c4.min.html]
[lakathybill.wixsite.com/kathybill/33aee7c8.min.html]
[lakathybill.wixsite.com/kathybill/e3a3f4c5.min.html]
[lakathybill.wixsite.com/kathybill/69bf75cd.min.html]
[lakathybill.wixsite.com/kathybill/ffcbad4e.min.html]
[lakathybill.wixsite.com/kathybill/38076880.min.html]
[lakathybill.wixsite.com/kathybill/e7f37adf.min.html]
[lakathybill.wixsite.com/kathybill/6cf72bb0.min.html]
[lakathybill.wixsite.com/kathybill/6b319425.min.html]
[lakathybill.wixsite.com/kathybill/fd963395.min.html]
[lakathybill.wixsite.com/kathybill/23fa9840.min.html]
[lakathybill.wixsite.com/kathybill/d11ebffe.min.html]
[lakathybill.wixsite.com/kathybill/91ffcb26.min.html]
[lakathybill.wixsite.com/kathybill/72671acb.min.html]
[lakathybill.wixsite.com/kathybill/40e5d5cf.min.html]
[lakathybill.wixsite.com/kathybill/7c602eb2.min.html]
[lakathybill.wixsite.com/kathybill/6b4c7217.min.html]
[lakathybill.wixsite.com/kathybill/5b26625f.min.html]
[lakathybill.wixsite.com/kathybill/2e327647.min.html]
[lakathybill.wixsite.com/kathybill/4a6a7fc9.min.html]
[lakathybill.wixsite.com/kathybill/f52e40aa.min.html]
[lakathybill.wixsite.com/kathybill/f7b42816.min.html]
[lakathybill.wixsite.com/kathybill/fbce49db.min.html]
[lakathybill.wixsite.com/kathybill/a3e88b58.min.html]
[lakathybill.wixsite.com/kathybill/ea8a0593.min.html]
[lakathybill.wixsite.com/kathybill/b8760986.min.html]
[lakathybill.wixsite.com/kathybill/37bd0eeb.min.html]
[lakathybill.wixsite.com/kathybill/8d04f72e.min.html]
[lakathybill.wixsite.com/kathybill/84c587cd.min.html]
[lakathybill.wixsite.com/kathybill/ba7d2620.min.html]
[lakathybill.wixsite.com/kathybill/41f1fa78.min.html]
[lakathybill.wixsite.com/kathybill/3e581339.min.html]
[lakathybill.wixsite.com/kathybill/a2f0f523.min.html]
[lakathybill.wixsite.com/kathybill/86aca973.min.html]
[lakathybill.wixsite.com/kathybill/06837cc2.min.html]
[lakathybill.wixsite.com/kathybill/8005d5c1.min.html]
[lakathybill.wixsite.com/kathybill/0e20a470.min.html]
[lakathybill.wixsite.com/kathybill/c9b5bd15.min.html]
[lakathybill.wixsite.com/kathybill/8c688a9d.min.html]
[lakathybill.wixsite.com/kathybill/6b1e299b.min.html]
[lakathybill.wixsite.com/kathybill/11d68990.min.html]
[lakathybill.wixsite.com/kathybill/3f166307.min.html]
[lakathybill.wixsite.com/kathybill/1355ec40.min.html]
[lakathybill.wixsite.com/kathybill/48220e7a.min.html]
[lakathybill.wixsite.com/kathybill/eca71e40.min.html]
[lakathybill.wixsite.com/kathybill/024f5250.min.html]
[lakathybill.wixsite.com/kathybill/54e8ad37.min.html]
[lakathybill.wixsite.com/kathybill/c79634ce.min.html]
[lakathybill.wixsite.com/kathybill/036d1c2c.min.html]
[lakathybill.wixsite.com/kathybill/04c30725.min.html]
[lakathybill.wixsite.com/kathybill/685dda1c.min.html]
[lakathybill.wixsite.com/kathybill/ad3a6151.min.html]
[lakathybill.wixsite.com/kathybill/b43bc41a.min.html]
[lakathybill.wixsite.com/kathybill/aff3efe3.min.html]
[lakathybill.wixsite.com/kathybill/755d6e92.min.html]
[lakathybill.wixsite.com/kathybill/44306cc3.min.html]
[lakathybill.wixsite.com/kathybill/f08a1c03.min.html]
[lakathybill.wixsite.com/kathybill/6818c64c.min.html]
[lakathybill.wixsite.com/kathybill/4fa4a352.min.html]
[lakathybill.wixsite.com/kathybill/97d7cd97.min.html]
[lakathybill.wixsite.com/kathybill/a1e76019.min.html]
[lakathybill.wixsite.com/kathybill/b4bc6361.min.html]
[lakathybill.wixsite.com/kathybill/9eed3e82.min.html]
[lakathybill.wixsite.com/kathybill/ce776e38.min.html]
[lakathybill.wixsite.com/kathybill/4a43b954.min.html]
[lakathybill.wixsite.com/kathybill/799d016a.min.html]
[lakathybill.wixsite.com/kathybill/c434348a.min.html]
[lakathybill.wixsite.com/kathybill/4038e1e2.min.html]
[lakathybill.wixsite.com/kathybill/c24f5e69.min.html]
[lakathybill.wixsite.com/kathybill/8ab00128.min.html]
[lakathybill.wixsite.com/kathybill/45eee88d.min.html]
[lakathybill.wixsite.com/kathybill/7df86004.min.html]
[lakathybill.wixsite.com/kathybill/145b5660.min.html]
[lakathybill.wixsite.com/kathybill/3e624017.min.html]
[lakathybill.wixsite.com/kathybill/eb810a4a.min.html]
[lakathybill.wixsite.com/kathybill/81ed76c3.min.html]
[lakathybill.wixsite.com/kathybill/6877123d.min.html]
[lakathybill.wixsite.com/kathybill/d1f9c7e6.min.html]
[lakathybill.wixsite.com/kathybill/34377b4a.min.html]
[lakathybill.wixsite.com/kathybill/f0b4809d.min.html]
[lakathybill.wixsite.com/kathybill/b0da3a19.min.html]
[lakathybill.wixsite.com/kathybill/70e8afa8.min.html]
[lakathybill.wixsite.com/kathybill/9c39b1d1.min.html]
[lakathybill.wixsite.com/kathybill/59f9faa0.min.html]
[lakathybill.wixsite.com/kathybill/b92ba9ff.min.html]
[lakathybill.wixsite.com/kathybill/8665adc0.min.html]
[lakathybill.wixsite.com/kathybill/96afd53f.min.html]
[lakathybill.wixsite.com/kathybill/91e61dab.min.html]
[lakathybill.wixsite.com/kathybill/41f245d4.min.html]
[lakathybill.wixsite.com/kathybill/bb16d569.min.html]
[lakathybill.wixsite.com/kathybill/e24e08e7.min.html]
[lakathybill.wixsite.com/kathybill/9e775b26.min.html]
[lakathybill.wixsite.com/kathybill/515d5f12.min.html]
[lakathybill.wixsite.com/kathybill/13eb5276.min.html]
[lakathybill.wixsite.com/kathybill/d474bb46.min.html]
[lakathybill.wixsite.com/kathybill/2978359e.min.html]
[lakathybill.wixsite.com/kathybill/4b1f6567.min.html]
[lakathybill.wixsite.com/kathybill/4e6fba8d.min.html]
[lakathybill.wixsite.com/kathybill/883064bf.min.html]
[lakathybill.wixsite.com/kathybill/55fd4990.min.html]
[lakathybill.wixsite.com/kathybill/882dfccd.min.html]
[lakathybill.wixsite.com/kathybill/70efe3c5.min.html]
[lakathybill.wixsite.com/kathybill/6d011635.min.html]
[lakathybill.wixsite.com/kathybill/af38aead.min.html]
[lakathybill.wixsite.com/kathybill/39cfb47d.min.html]
[lakathybill.wixsite.com/kathybill/1a1f2ab9.min.html]
[lakathybill.wixsite.com/kathybill/5ed4e092.min.html]
[lakathybill.wixsite.com/kathybill/75512b1a.min.html]
[lakathybill.wixsite.com/kathybill/2a38244f.min.html]
[lakathybill.wixsite.com/kathybill/837e8139.min.html]
[lakathybill.wixsite.com/kathybill/f8ec65c6.min.html]
[lakathybill.wixsite.com/kathybill/913e0517.min.html]
[lakathybill.wixsite.com/kathybill/2ce475e3.min.html]
[lakathybill.wixsite.com/kathybill/96f4b814.min.html]
[lakathybill.wixsite.com/kathybill/efcd8729.min.html]
[lakathybill.wixsite.com/kathybill/0ebb4539.min.html]
[lakathybill.wixsite.com/kathybill/c9371416.min.html]
[lakathybill.wixsite.com/kathybill/84fca3f0.min.html]
[lakathybill.wixsite.com/kathybill/44b60e9d.min.html]
[lakathybill.wixsite.com/kathybill/48e483a5.min.html]
[lakathybill.wixsite.com/kathybill/100a01ba.min.html]
[lakathybill.wixsite.com/kathybill/dba31346.min.html]
[lakathybill.wixsite.com/kathybill/5a61fee8.min.html]
[lakathybill.wixsite.com/kathybill/6010b816.min.html]
[lakathybill.wixsite.com/kathybill/99e9084d.min.html]
[lakathybill.wixsite.com/kathybill/39cdb6e7.min.html]
[lakathybill.wixsite.com/kathybill/98f5e34d.min.html]
[lakathybill.wixsite.com/kathybill/4bd62377.min.html]
[lakathybill.wixsite.com/kathybill/f6b4449f.min.html]
[lakathybill.wixsite.com/kathybill/692d3cfd.min.html]
[lakathybill.wixsite.com/kathybill/dda10bbb.min.html]
[lakathybill.wixsite.com/kathybill/826aa068.min.html]
[lakathybill.wixsite.com/kathybill/71561e01.min.html]
[lakathybill.wixsite.com/kathybill/2aa93db9.min.html]
[lakathybill.wixsite.com/kathybill/3acc863e.min.html]
[lakathybill.wixsite.com/kathybill/3fc3aa14.min.html]
[lakathybill.wixsite.com/kathybill/eed9660c.min.html]
[lakathybill.wixsite.com/kathybill/e98ddd9c.min.html]
[lakathybill.wixsite.com/kathybill/9f54505f.min.html]
[lakathybill.wixsite.com/kathybill/82a3c6bd.min.html]
[lakathybill.wixsite.com/kathybill/959e5e9e.min.html]
[lakathybill.wixsite.com/kathybill/c6933345.min.html]
[lakathybill.wixsite.com/kathybill/7ac66a81.min.html]
[lakathybill.wixsite.com/kathybill/7f6e9aff.min.html]
[lakathybill.wixsite.com/kathybill/7197ceeb.min.html]
[lakathybill.wixsite.com/kathybill/4d761874.min.html]
[lakathybill.wixsite.com/kathybill/57ee110f.min.html]
[lakathybill.wixsite.com/kathybill/723e4fed.min.html]
[lakathybill.wixsite.com/kathybill/7d0d5475.min.html]
[lakathybill.wixsite.com/kathybill/d9e9ecf4.min.html]
[lakathybill.wixsite.com/kathybill/4d71157d.min.html]
[lakathybill.wixsite.com/kathybill/30611ad6.min.html]
[lakathybill.wixsite.com/kathybill/3107aee2.min.html]
[lakathybill.wixsite.com/kathybill/add763df.min.html]
[lakathybill.wixsite.com/kathybill/20a005d9.min.html]
[lakathybill.wixsite.com/kathybill/f12c724d.min.html]
[lakathybill.wixsite.com/kathybill/b4927ff5.min.html]
[lakathybill.wixsite.com/kathybill/339d9589.min.html]
[lakathybill.wixsite.com/kathybill/bae96bce.min.html]
[lakathybill.wixsite.com/kathybill/d88788f8.min.html]
[lakathybill.wixsite.com/kathybill/623c42ff.min.html]
[lakathybill.wixsite.com/kathybill/fdb4b4e1.min.html]
[lakathybill.wixsite.com/kathybill/d9261128.min.html]
[lakathybill.wixsite.com/kathybill/acc636be.min.html]
[lakathybill.wixsite.com/kathybill/0dbd2410.min.html]
[lakathybill.wixsite.com/kathybill/04e1c0d8.min.html]
[lakathybill.wixsite.com/kathybill/015a530e.min.html]
[lakathybill.wixsite.com/kathybill/63cc8be0.min.html]
[lakathybill.wixsite.com/kathybill/731d5bce.min.html]
[lakathybill.wixsite.com/kathybill/c61ac2b6.min.html]
[lakathybill.wixsite.com/kathybill/c9d89f77.min.html]
[lakathybill.wixsite.com/kathybill/77753e29.min.html]
[lakathybill.wixsite.com/kathybill/2a3ba4df.min.html]
[lakathybill.wixsite.com/kathybill/1150efce.min.html]
[lakathybill.wixsite.com/kathybill/dbfd66d7.min.html]
[lakathybill.wixsite.com/kathybill/e1813de1.min.html]
[lakathybill.wixsite.com/kathybill/34b72cf9.min.html]
[lakathybill.wixsite.com/kathybill/5d684912.min.html]
[lakathybill.wixsite.com/kathybill/07d43a5b.min.html]
[lakathybill.wixsite.com/kathybill/74e60b57.min.html]
[lakathybill.wixsite.com/kathybill/71b202df.min.html]
[lakathybill.wixsite.com/kathybill/1e24bd4a.min.html]
[lakathybill.wixsite.com/kathybill/d078781b.min.html]
[lakathybill.wixsite.com/kathybill/9a8b46cf.min.html]
[lakathybill.wixsite.com/kathybill/f4071404.min.html]
[lakathybill.wixsite.com/kathybill/a4efbb1a.min.html]
[lakathybill.wixsite.com/kathybill/b69a6dca.min.html]
[lakathybill.wixsite.com/kathybill/a8cea7d1.min.html]
[lakathybill.wixsite.com/kathybill/9b7ffe32.min.html]
[lakathybill.wixsite.com/kathybill/0e2bff6a.min.html]
[lakathybill.wixsite.com/kathybill/8a3174ea.min.html]
[lakathybill.wixsite.com/kathybill/56b396e1.min.html]
[lakathybill.wixsite.com/kathybill/e31c9edb.min.html]
[lakathybill.wixsite.com/kathybill/270ecc94.min.html]
[lakathybill.wixsite.com/kathybill/aae8f9e8.min.html]
[lakathybill.wixsite.com/kathybill/148a549f.min.html]
[lakathybill.wixsite.com/kathybill/243dde79.min.html]
[lakathybill.wixsite.com/kathybill/4b77444e.min.html]
[lakathybill.wixsite.com/kathybill/debda15f.min.html]
[lakathybill.wixsite.com/kathybill/c8e351db.min.html]
[lakathybill.wixsite.com/kathybill/25adc72e.min.html]
[lakathybill.wixsite.com/kathybill/ad3c03fe.min.html]
[lakathybill.wixsite.com/kathybill/696515ba.min.html]
[lakathybill.wixsite.com/kathybill/4a489c1e.chunk.min.html]
[lakathybill.wixsite.com/kathybill/3a985912.chunk.min.html]
[lakathybill.wixsite.com/kathybill/5270a42e.chunk.min.html]
[lakathybill.wixsite.com/kathybill/261ff150.chunk.min.html]
[lakathybill.wixsite.com/kathybill/rb_wixui.thunderbolt_bootstrap.7383a200.chunk.min.html]
[lakathybill.wixsite.com/kathybill/rb_wixui.thunderbolt_bootstrap-classic.89bdd4d4.chunk.min.html]
[lakathybill.wixsite.com/kathybill/rb_wixui.thunderbolt_bootstrap-classic.3a985912.chunk.min.html]
[lakathybill.wixsite.com/kathybill/rb_wixui.thunderbolt_bootstrap-responsive.a66c1914.chunk.min.html]
[lakathybill.wixsite.com/kathybill/rb_wixui.thunderbolt_bootstrap-responsive.5270a42e.chunk.min.html]
[lakathybill.wixsite.com/kathybill/rb_wixui.thunderbolt_common-site-members-dialogs.6a59e2ad.chunk.min.html]
[lakathybill.wixsite.com/kathybill/rb_wixui.thunderbolt_common-site-members-dialogs.261ff150.chunk.min.html]
[lakathybill.wixsite.com/kathybill/rb_wixui.corvid_core.18d75b7f.chunk.min.html]
[lakathybill.wixsite.com/kathybill/rb_wixui.thunderbolt_mobile.eea54e4b.chunk.min.html]
[lakathybill.wixsite.com/kathybill/decodeURIComponent(e.html]
[lakathybill.wixsite.com/kathybill/robots.html]
[lakathybill.wixsite.com/kathybill/feed.html]
[lakathybill.wixsite.com/kathybill/version/index.html]
[static.wixstatic.com/media/8c1a5b_9e7714e4f89448659d203879887381fd.jpg/v1/crop/x_0,y_118,w_2538,h_3332/fill/w_129,h_170,al_c,q_80,usm_0.66_1.00_0.01,blur_2/8c1a5b_9e7714e4f89448659d203879887381fd.29d.delay]
